<?xml version="1.0" encoding="UTF-8"?>
<!-- Generated by org.testng.reporters.JUnitXMLReporter -->
<testsuite ignored="0" hostname="Shreyas" failures="1" tests="3" name="Test Scenarios with Windows10 Chrome" time="97.374" errors="0" timestamp="2022-01-02T01:35:57 IST">
  <testcase classname="assignmentTask.LambdaTest_Scenarios" name="TestScenario_1" time="4.467"/>
  <testcase classname="assignmentTask.LambdaTest_Scenarios" name="TestScenario_2" time="34.558"/>
  <testcase classname="assignmentTask.LambdaTest_Scenarios" name="TestScenario_3" time="3.123">
    <failure type="java.lang.AssertionError" message="expected [Please fill in the fields] but found [Please fill out this field.]">
      <![CDATA[java.lang.AssertionError: expected [Please fill in the fields] but found [Please fill out this field.]
at assignmentTask.LambdaTest_Scenarios.TestScenario_3(LambdaTest_Scenarios.java:54)
at java.base/java.util.ArrayList.forEach(ArrayList.java:1511)
at java.base/java.util.concurrent.FutureTask.run(FutureTask.java:264)
at java.base/java.util.concurrent.ThreadPoolExecutor.runWorker(ThreadPoolExecutor.java:1130)
at java.base/java.util.concurrent.ThreadPoolExecutor$Worker.run(ThreadPoolExecutor.java:630)
at java.base/java.lang.Thread.run(Thread.java:831)
... Removed 24 stack frames]]>
    </failure>
  </testcase> <!-- TestScenario_3 -->
</testsuite> <!-- Test Scenarios with Windows10 Chrome -->
