<?xml version="1.0" encoding="UTF-8"?>
<!-- Generated by org.testng.reporters.JUnitXMLReporter -->
<testsuite ignored="0" hostname="Shreyas" failures="3" tests="3" name="Test Scenarios with macOS Catalina Safari" time="114.884" errors="0" timestamp="2022-01-02T01:36:15 IST">
  <testcase classname="assignmentTask.LambdaTest_Scenarios" name="TestScenario_1" time="3.543">
    <failure type="org.openqa.selenium.WebDriverException" message="Build info: version: &amp;apos;4.1.1&amp;apos;, revision: &amp;apos;e8fcc2cecf&amp;apos;
System info: host: &amp;apos;SHREYAS&amp;apos;, ip: &amp;apos;192.168.0.105&amp;apos;, os.name: &amp;apos;Windows 10&amp;apos;, os.arch: &amp;apos;amd64&amp;apos;, os.version: &amp;apos;10.0&amp;apos;, java.version: &amp;apos;16.0.1&amp;apos;
Driver info: org.openqa.selenium.remote.RemoteWebDriver
Command: [2EC6BE48-BB56-4BB8-9DA8-46FB9773AF04, clickElement {id=node-04DC1441-2859-42EB-90C3-6F2BEEA063A5}]
Capabilities {acceptInsecureCerts: false, browserName: Safari, browserVersion: 12.1.2, javascriptEnabled: true, platform: MAC, platformName: MAC, safari:automaticInspection: false, safari:automaticProfiling: false, safari:diagnose: false, setWindowRect: true, strictFileInteractability: false, webdriver.remote.sessionid: 2EC6BE48-BB56-4BB8-9DA8-46F..., webkit:WebRTC: {DisableICECandidateFiltering: false, DisableInsecureMediaCapture: false}}
Element: [[RemoteWebDriver: Safari on MAC (2EC6BE48-BB56-4BB8-9DA8-46FB9773AF04)] -&amp;gt; id: showInput]
Session ID: 2EC6BE48-BB56-4BB8-9DA8-46FB9773AF04">
      <![CDATA[org.openqa.selenium.WebDriverException: Build info: version: '4.1.1', revision: 'e8fcc2cecf'
System info: host: 'SHREYAS', ip: '192.168.0.105', os.name: 'Windows 10', os.arch: 'amd64', os.version: '10.0', java.version: '16.0.1'
Driver info: org.openqa.selenium.remote.RemoteWebDriver
Command: [2EC6BE48-BB56-4BB8-9DA8-46FB9773AF04, clickElement {id=node-04DC1441-2859-42EB-90C3-6F2BEEA063A5}]
Capabilities {acceptInsecureCerts: false, browserName: Safari, browserVersion: 12.1.2, javascriptEnabled: true, platform: MAC, platformName: MAC, safari:automaticInspection: false, safari:automaticProfiling: false, safari:diagnose: false, setWindowRect: true, strictFileInteractability: false, webdriver.remote.sessionid: 2EC6BE48-BB56-4BB8-9DA8-46F..., webkit:WebRTC: {DisableICECandidateFiltering: false, DisableInsecureMediaCapture: false}}
Element: [[RemoteWebDriver: Safari on MAC (2EC6BE48-BB56-4BB8-9DA8-46FB9773AF04)] -> id: showInput]
Session ID: 2EC6BE48-BB56-4BB8-9DA8-46FB9773AF04
at org.openqa.selenium.remote.codec.w3c.W3CHttpResponseCodec.createException(W3CHttpResponseCodec.java:200)
at org.openqa.selenium.remote.codec.w3c.W3CHttpResponseCodec.decode(W3CHttpResponseCodec.java:133)
at org.openqa.selenium.remote.codec.w3c.W3CHttpResponseCodec.decode(W3CHttpResponseCodec.java:53)
at org.openqa.selenium.remote.HttpCommandExecutor.execute(HttpCommandExecutor.java:184)
at org.openqa.selenium.remote.TracedCommandExecutor.execute(TracedCommandExecutor.java:51)
at org.openqa.selenium.remote.RemoteWebDriver.execute(RemoteWebDriver.java:543)
at org.openqa.selenium.remote.RemoteWebElement.execute(RemoteWebElement.java:251)
at org.openqa.selenium.remote.RemoteWebElement.click(RemoteWebElement.java:77)
at assignmentTask.LambdaTest_Scenarios.TestScenario_1(LambdaTest_Scenarios.java:24)
at java.base/java.util.ArrayList.forEach(ArrayList.java:1511)
at java.base/java.util.concurrent.FutureTask.run(FutureTask.java:264)
at java.base/java.util.concurrent.ThreadPoolExecutor.runWorker(ThreadPoolExecutor.java:1130)
at java.base/java.util.concurrent.ThreadPoolExecutor$Worker.run(ThreadPoolExecutor.java:630)
at java.base/java.lang.Thread.run(Thread.java:831)
... Removed 23 stack frames]]>
    </failure>
  </testcase> <!-- TestScenario_1 -->
  <testcase classname="assignmentTask.LambdaTest_Scenarios" name="TestScenario_2" time="59.912">
    <failure type="java.lang.AssertionError" message="expected [95] but found [51]">
      <![CDATA[java.lang.AssertionError: expected [95] but found [51]
at assignmentTask.LambdaTest_Scenarios.TestScenario_2(LambdaTest_Scenarios.java:44)
at java.base/java.util.ArrayList.forEach(ArrayList.java:1511)
at java.base/java.util.concurrent.FutureTask.run(FutureTask.java:264)
at java.base/java.util.concurrent.ThreadPoolExecutor.runWorker(ThreadPoolExecutor.java:1130)
at java.base/java.util.concurrent.ThreadPoolExecutor$Worker.run(ThreadPoolExecutor.java:630)
at java.base/java.lang.Thread.run(Thread.java:831)
... Removed 24 stack frames]]>
    </failure>
  </testcase> <!-- TestScenario_2 -->
  <testcase classname="assignmentTask.LambdaTest_Scenarios" name="TestScenario_3" time="2.628">
    <failure type="java.lang.AssertionError" message="expected [Please fill in the fields] but found [Fill out this field]">
      <![CDATA[java.lang.AssertionError: expected [Please fill in the fields] but found [Fill out this field]
at assignmentTask.LambdaTest_Scenarios.TestScenario_3(LambdaTest_Scenarios.java:54)
at java.base/java.util.ArrayList.forEach(ArrayList.java:1511)
at java.base/java.util.concurrent.FutureTask.run(FutureTask.java:264)
at java.base/java.util.concurrent.ThreadPoolExecutor.runWorker(ThreadPoolExecutor.java:1130)
at java.base/java.util.concurrent.ThreadPoolExecutor$Worker.run(ThreadPoolExecutor.java:630)
at java.base/java.lang.Thread.run(Thread.java:831)
... Removed 24 stack frames]]>
    </failure>
  </testcase> <!-- TestScenario_3 -->
</testsuite> <!-- Test Scenarios with macOS Catalina Safari -->
