<!DOCTYPE html PUBLIC "-//W3C//DTD XHTML 1.1//EN" "https://www.w3.org/TR/xhtml11/DTD/xhtml11.dtd">
<html xmlns="https://www.w3.org/1999/xhtml">
<head>
<meta http-equiv="content-type" content="text/html; charset=UTF-8"/>
<title>TestNG Report</title>
<style type="text/css">table {margin-bottom:10px;border-collapse:collapse;empty-cells:show}th,td {border:1px solid #009;padding:.25em .5em}th {vertical-align:bottom}td {vertical-align:top}table a {font-weight:bold}.stripe td {background-color: #E6EBF9}.num {text-align:right}.passedodd td {background-color: #3F3}.passedeven td {background-color: #0A0}.skippedodd td {background-color: #DDD}.skippedeven td {background-color: #CCC}.failedodd td,.attn {background-color: #F33}.failedeven td,.stripe .attn {background-color: #D00}.stacktrace {white-space:pre;font-family:monospace}.totop {font-size:85%;text-align:center;border-bottom:2px solid #000}.invisible {display:none}</style>
</head>
<body>
<table>
<tr><th>Test</th><th># Passed</th><th># Skipped</th><th># Retried</th><th># Failed</th><th>Time (ms)</th><th>Included Groups</th><th>Excluded Groups</th></tr>
<tr><th colspan="8">LambdaTest Selenium Certification Assignment Task</th></tr>
<tr><td><a href="#t0">Selenium_101 Assignment Scenarios</a></td><td class="num">0</td><td class="num">0</td><td class="num">0</td><td class="num">0</td><td class="num">15</td><td></td><td></td></tr>
<tr class="stripe"><td><a href="#t1">Test Scenarios with Windows10 Chrome</a></td><td class="num">2</td><td class="num">0</td><td class="num">0</td><td class="num attn">1</td><td class="num">97,374</td><td></td><td></td></tr>
<tr><td><a href="#t2">Test Scenarios with macOS Catalina Safari</a></td><td class="num">0</td><td class="num">0</td><td class="num">0</td><td class="num attn">3</td><td class="num">114,884</td><td></td><td></td></tr>
<tr><th>Total</th><th class="num">2</th><th class="num">0</th><th class="num">0</th><th class="num attn">4</th><th class="num">212,273</th><th colspan="2"></th></tr>
</table>
<table id='summary'><thead><tr><th>Class</th><th>Method</th><th>Start</th><th>Time (ms)</th></tr></thead><tbody><tr><th colspan="4">LambdaTest Selenium Certification Assignment Task</th></tr></tbody><tbody id="t0"><tr><th colspan="4" class="invisible"/></tr></tbody>
<tbody id="t1"><tr><th colspan="4">Test Scenarios with Windows10 Chrome &#8212; failed</th></tr><tr class="failedeven"><td rowspan="1">assignmentTask.LambdaTest_Scenarios</td><td><a href="#m0">TestScenario_3</a></td><td rowspan="1">1641067552401</td><td rowspan="1">3123</td></tr><tr><th colspan="4">Test Scenarios with Windows10 Chrome &#8212; passed</th></tr><tr class="passedeven"><td rowspan="2">assignmentTask.LambdaTest_Scenarios</td><td><a href="#m1">TestScenario_1</a></td><td rowspan="1">1641067472885</td><td rowspan="1">4467</td></tr><tr class="passedeven"><td><a href="#m2">TestScenario_2</a></td><td rowspan="1">1641067497284</td><td rowspan="1">34558</td></tr></tbody>
<tbody id="t2"><tr><th colspan="4">Test Scenarios with macOS Catalina Safari &#8212; failed</th></tr><tr class="failedeven"><td rowspan="3">assignmentTask.LambdaTest_Scenarios</td><td><a href="#m3">TestScenario_1</a></td><td rowspan="1">1641067473299</td><td rowspan="1">3543</td></tr><tr class="failedeven"><td><a href="#m4">TestScenario_2</a></td><td rowspan="1">1641067498830</td><td rowspan="1">59912</td></tr><tr class="failedeven"><td><a href="#m5">TestScenario_3</a></td><td rowspan="1">1641067571075</td><td rowspan="1">2628</td></tr></tbody>
</table>
<h2>Selenium_101 Assignment Scenarios</h2><h2>Test Scenarios with Windows10 Chrome</h2><h3 id="m0">assignmentTask.LambdaTest_Scenarios#TestScenario_3</h3><table class="result"><tr><th>Exception</th></tr><tr><td><div class="stacktrace">java.lang.AssertionError: expected [Please fill in the fields] but found [Please fill out this field.]
	at assignmentTask.LambdaTest_Scenarios.TestScenario_3(LambdaTest_Scenarios.java:54)
	at java.base/java.util.ArrayList.forEach(ArrayList.java:1511)
	at java.base/java.util.concurrent.FutureTask.run(FutureTask.java:264)
	at java.base/java.util.concurrent.ThreadPoolExecutor.runWorker(ThreadPoolExecutor.java:1130)
	at java.base/java.util.concurrent.ThreadPoolExecutor$Worker.run(ThreadPoolExecutor.java:630)
	at java.base/java.lang.Thread.run(Thread.java:831)
... Removed 24 stack frames</div></td></tr></table><p class="totop"><a href="#summary">back to summary</a></p>
<h3 id="m1">assignmentTask.LambdaTest_Scenarios#TestScenario_1</h3><table class="result"><tr><th class="invisible"/></tr></table><p class="totop"><a href="#summary">back to summary</a></p>
<h3 id="m2">assignmentTask.LambdaTest_Scenarios#TestScenario_2</h3><table class="result"><tr><th class="invisible"/></tr></table><p class="totop"><a href="#summary">back to summary</a></p>
<h2>Test Scenarios with macOS Catalina Safari</h2><h3 id="m3">assignmentTask.LambdaTest_Scenarios#TestScenario_1</h3><table class="result"><tr><th>Exception</th></tr><tr><td><div class="stacktrace">org.openqa.selenium.WebDriverException: Build info: version: &apos;4.1.1&apos;, revision: &apos;e8fcc2cecf&apos;
System info: host: &apos;SHREYAS&apos;, ip: &apos;192.168.0.105&apos;, os.name: &apos;Windows 10&apos;, os.arch: &apos;amd64&apos;, os.version: &apos;10.0&apos;, java.version: &apos;16.0.1&apos;
Driver info: org.openqa.selenium.remote.RemoteWebDriver
Command: [2EC6BE48-BB56-4BB8-9DA8-46FB9773AF04, clickElement {id=node-04DC1441-2859-42EB-90C3-6F2BEEA063A5}]
Capabilities {acceptInsecureCerts: false, browserName: Safari, browserVersion: 12.1.2, javascriptEnabled: true, platform: MAC, platformName: MAC, safari:automaticInspection: false, safari:automaticProfiling: false, safari:diagnose: false, setWindowRect: true, strictFileInteractability: false, webdriver.remote.sessionid: 2EC6BE48-BB56-4BB8-9DA8-46F..., webkit:WebRTC: {DisableICECandidateFiltering: false, DisableInsecureMediaCapture: false}}
Element: [[RemoteWebDriver: Safari on MAC (2EC6BE48-BB56-4BB8-9DA8-46FB9773AF04)] -&gt; id: showInput]
Session ID: 2EC6BE48-BB56-4BB8-9DA8-46FB9773AF04
	at org.openqa.selenium.remote.codec.w3c.W3CHttpResponseCodec.createException(W3CHttpResponseCodec.java:200)
	at org.openqa.selenium.remote.codec.w3c.W3CHttpResponseCodec.decode(W3CHttpResponseCodec.java:133)
	at org.openqa.selenium.remote.codec.w3c.W3CHttpResponseCodec.decode(W3CHttpResponseCodec.java:53)
	at org.openqa.selenium.remote.HttpCommandExecutor.execute(HttpCommandExecutor.java:184)
	at org.openqa.selenium.remote.TracedCommandExecutor.execute(TracedCommandExecutor.java:51)
	at org.openqa.selenium.remote.RemoteWebDriver.execute(RemoteWebDriver.java:543)
	at org.openqa.selenium.remote.RemoteWebElement.execute(RemoteWebElement.java:251)
	at org.openqa.selenium.remote.RemoteWebElement.click(RemoteWebElement.java:77)
	at assignmentTask.LambdaTest_Scenarios.TestScenario_1(LambdaTest_Scenarios.java:24)
	at java.base/java.util.ArrayList.forEach(ArrayList.java:1511)
	at java.base/java.util.concurrent.FutureTask.run(FutureTask.java:264)
	at java.base/java.util.concurrent.ThreadPoolExecutor.runWorker(ThreadPoolExecutor.java:1130)
	at java.base/java.util.concurrent.ThreadPoolExecutor$Worker.run(ThreadPoolExecutor.java:630)
	at java.base/java.lang.Thread.run(Thread.java:831)
... Removed 23 stack frames</div></td></tr></table><p class="totop"><a href="#summary">back to summary</a></p>
<h3 id="m4">assignmentTask.LambdaTest_Scenarios#TestScenario_2</h3><table class="result"><tr><th>Exception</th></tr><tr><td><div class="stacktrace">java.lang.AssertionError: expected [95] but found [51]
	at assignmentTask.LambdaTest_Scenarios.TestScenario_2(LambdaTest_Scenarios.java:44)
	at java.base/java.util.ArrayList.forEach(ArrayList.java:1511)
	at java.base/java.util.concurrent.FutureTask.run(FutureTask.java:264)
	at java.base/java.util.concurrent.ThreadPoolExecutor.runWorker(ThreadPoolExecutor.java:1130)
	at java.base/java.util.concurrent.ThreadPoolExecutor$Worker.run(ThreadPoolExecutor.java:630)
	at java.base/java.lang.Thread.run(Thread.java:831)
... Removed 24 stack frames</div></td></tr></table><p class="totop"><a href="#summary">back to summary</a></p>
<h3 id="m5">assignmentTask.LambdaTest_Scenarios#TestScenario_3</h3><table class="result"><tr><th>Exception</th></tr><tr><td><div class="stacktrace">java.lang.AssertionError: expected [Please fill in the fields] but found [Fill out this field]
	at assignmentTask.LambdaTest_Scenarios.TestScenario_3(LambdaTest_Scenarios.java:54)
	at java.base/java.util.ArrayList.forEach(ArrayList.java:1511)
	at java.base/java.util.concurrent.FutureTask.run(FutureTask.java:264)
	at java.base/java.util.concurrent.ThreadPoolExecutor.runWorker(ThreadPoolExecutor.java:1130)
	at java.base/java.util.concurrent.ThreadPoolExecutor$Worker.run(ThreadPoolExecutor.java:630)
	at java.base/java.lang.Thread.run(Thread.java:831)
... Removed 24 stack frames</div></td></tr></table><p class="totop"><a href="#summary">back to summary</a></p>
</body>
</html>
