<!DOCTYPE html>

<html>
  <head>
  <meta charset='utf-8'>
  <title>TestNG reports</title>

    <link type="text/css" href="testng-reports1.css" rel="stylesheet" id="ultra" />
    <link type="text/css" href="testng-reports.css" rel="stylesheet" id="retro" disabled="false"/>
    <script type="text/javascript" src="jquery.min.js"></script>
    <script type="text/javascript" src="testng-reports.js"></script>
    <script type="text/javascript" src="https://www.google.com/jsapi"></script>
    <script type='text/javascript'>
      google.load('visualization', '1', {packages:['table']});
      google.setOnLoadCallback(drawTable);
      var suiteTableInitFunctions = new Array();
      var suiteTableData = new Array();
    </script>
    <!--
      <script type="text/javascript" src="jquery-ui/js/jquery-ui-1.8.16.custom.min.js"></script>
     -->
  </head>

  <body>
    <div class="top-banner-root">
      <span class="top-banner-title-font">Test results</span>
      <button id="button" class="button">Switch Retro Theme</button> <!-- button -->
      <br/>
      <span class="top-banner-font-1">1 suite, 4 failed tests</span>
    </div> <!-- top-banner-root -->
    <div class="navigator-root">
      <div class="navigator-suite-header">
        <span>All suites</span>
        <a href="#" title="Collapse/expand all the suites" class="collapse-all-link">
          <img src="collapseall.gif" class="collapse-all-icon">
          </img> <!-- collapse-all-icon -->
        </a> <!-- collapse-all-link -->
      </div> <!-- navigator-suite-header -->
      <div class="suite">
        <div class="rounded-window">
          <div class="suite-header light-rounded-window-top">
            <a href="#" panel-name="suite-LambdaTest_Selenium_Certification_Assignment_Task" class="navigator-link">
              <span class="suite-name border-failed">LambdaTest Selenium Certification Assignment Task</span>
            </a> <!-- navigator-link -->
          </div> <!-- suite-header light-rounded-window-top -->
          <div class="navigator-suite-content">
            <div class="suite-section-title">
              <span>Info</span>
            </div> <!-- suite-section-title -->
            <div class="suite-section-content">
              <ul>
                <li>
                  <a href="#" panel-name="test-xml-LambdaTest_Selenium_Certification_Assignment_Task" class="navigator-link ">
                    <span>E:\Confedential\LambdaTest_Workspace\LambdaTest_Selenium_101_Assignment_Task\testng.xml</span>
                  </a> <!-- navigator-link  -->
                </li>
                <li>
                  <a href="#" panel-name="testlist-LambdaTest_Selenium_Certification_Assignment_Task" class="navigator-link ">
                    <span class="test-stats">3 tests</span>
                  </a> <!-- navigator-link  -->
                </li>
                <li>
                  <a href="#" panel-name="group-LambdaTest_Selenium_Certification_Assignment_Task" class="navigator-link ">
                    <span>0 groups</span>
                  </a> <!-- navigator-link  -->
                </li>
                <li>
                  <a href="#" panel-name="times-LambdaTest_Selenium_Certification_Assignment_Task" class="navigator-link ">
                    <span>Times</span>
                  </a> <!-- navigator-link  -->
                </li>
                <li>
                  <a href="#" panel-name="reporter-LambdaTest_Selenium_Certification_Assignment_Task" class="navigator-link ">
                    <span>Reporter output</span>
                  </a> <!-- navigator-link  -->
                </li>
                <li>
                  <a href="#" panel-name="ignored-methods-LambdaTest_Selenium_Certification_Assignment_Task" class="navigator-link ">
                    <span>Ignored methods</span>
                  </a> <!-- navigator-link  -->
                </li>
                <li>
                  <a href="#" panel-name="chronological-LambdaTest_Selenium_Certification_Assignment_Task" class="navigator-link ">
                    <span>Chronological view</span>
                  </a> <!-- navigator-link  -->
                </li>
              </ul>
            </div> <!-- suite-section-content -->
            <div class="result-section">
              <div class="suite-section-title">
                <span>Results</span>
              </div> <!-- suite-section-title -->
              <div class="suite-section-content">
                <ul>
                  <li>
                    <span class="method-stats">6 methods, 4 failed,   2 passed</span>
                  </li>
                  <li>
                    <span class="method-list-title failed">Failed methods</span>
                    <span class="show-or-hide-methods failed">
                      <a href="#" panel-name="suite-LambdaTest_Selenium_Certification_Assignment_Task" class="hide-methods failed suite-LambdaTest_Selenium_Certification_Assignment_Task"> (hide)</a> <!-- hide-methods failed suite-LambdaTest_Selenium_Certification_Assignment_Task -->
                      <a href="#" panel-name="suite-LambdaTest_Selenium_Certification_Assignment_Task" class="show-methods failed suite-LambdaTest_Selenium_Certification_Assignment_Task"> (show)</a> <!-- show-methods failed suite-LambdaTest_Selenium_Certification_Assignment_Task -->
                    </span>
                    <div class="method-list-content failed suite-LambdaTest_Selenium_Certification_Assignment_Task">
                      <span>
                        <img src="failed.png" width="3%"/>
                        <a href="#" panel-name="suite-LambdaTest_Selenium_Certification_Assignment_Task" title="assignmentTask.LambdaTest_Scenarios" class="method navigator-link" hash-for-method="TestScenario_1">TestScenario_1</a> <!-- method navigator-link -->
                      </span>
                      <br/>
                      <span>
                        <img src="failed.png" width="3%"/>
                        <a href="#" panel-name="suite-LambdaTest_Selenium_Certification_Assignment_Task" title="assignmentTask.LambdaTest_Scenarios" class="method navigator-link" hash-for-method="TestScenario_2">TestScenario_2</a> <!-- method navigator-link -->
                      </span>
                      <br/>
                      <span>
                        <img src="failed.png" width="3%"/>
                        <a href="#" panel-name="suite-LambdaTest_Selenium_Certification_Assignment_Task" title="assignmentTask.LambdaTest_Scenarios" class="method navigator-link" hash-for-method="TestScenario_3">TestScenario_3</a> <!-- method navigator-link -->
                      </span>
                      <br/>
                      <span>
                        <img src="failed.png" width="3%"/>
                        <a href="#" panel-name="suite-LambdaTest_Selenium_Certification_Assignment_Task" title="assignmentTask.LambdaTest_Scenarios" class="method navigator-link" hash-for-method="TestScenario_3">TestScenario_3</a> <!-- method navigator-link -->
                      </span>
                      <br/>
                    </div> <!-- method-list-content failed suite-LambdaTest_Selenium_Certification_Assignment_Task -->
                  </li>
                  <li>
                    <span class="method-list-title passed">Passed methods</span>
                    <span class="show-or-hide-methods passed">
                      <a href="#" panel-name="suite-LambdaTest_Selenium_Certification_Assignment_Task" class="hide-methods passed suite-LambdaTest_Selenium_Certification_Assignment_Task"> (hide)</a> <!-- hide-methods passed suite-LambdaTest_Selenium_Certification_Assignment_Task -->
                      <a href="#" panel-name="suite-LambdaTest_Selenium_Certification_Assignment_Task" class="show-methods passed suite-LambdaTest_Selenium_Certification_Assignment_Task"> (show)</a> <!-- show-methods passed suite-LambdaTest_Selenium_Certification_Assignment_Task -->
                    </span>
                    <div class="method-list-content passed suite-LambdaTest_Selenium_Certification_Assignment_Task">
                      <span>
                        <img src="passed.png" width="3%"/>
                        <a href="#" panel-name="suite-LambdaTest_Selenium_Certification_Assignment_Task" title="assignmentTask.LambdaTest_Scenarios" class="method navigator-link" hash-for-method="TestScenario_1">TestScenario_1</a> <!-- method navigator-link -->
                      </span>
                      <br/>
                      <span>
                        <img src="passed.png" width="3%"/>
                        <a href="#" panel-name="suite-LambdaTest_Selenium_Certification_Assignment_Task" title="assignmentTask.LambdaTest_Scenarios" class="method navigator-link" hash-for-method="TestScenario_2">TestScenario_2</a> <!-- method navigator-link -->
                      </span>
                      <br/>
                    </div> <!-- method-list-content passed suite-LambdaTest_Selenium_Certification_Assignment_Task -->
                  </li>
                </ul>
              </div> <!-- suite-section-content -->
            </div> <!-- result-section -->
          </div> <!-- navigator-suite-content -->
        </div> <!-- rounded-window -->
      </div> <!-- suite -->
    </div> <!-- navigator-root -->
    <div class="wrapper">
      <div class="main-panel-root">
        <div panel-name="suite-LambdaTest_Selenium_Certification_Assignment_Task" class="panel LambdaTest_Selenium_Certification_Assignment_Task">
          <div class="suite-LambdaTest_Selenium_Certification_Assignment_Task-class-failed">
            <div class="main-panel-header rounded-window-top">
              <img src="failed.png"/>
              <span class="class-name">assignmentTask.LambdaTest_Scenarios</span>
            </div> <!-- main-panel-header rounded-window-top -->
            <div class="main-panel-content rounded-window-bottom">
              <div class="method">
                <div class="method-content">
                  <a name="TestScenario_1">
                  </a> <!-- TestScenario_1 -->
                  <span class="method-name">TestScenario_1</span>
                  <div class="stack-trace">org.openqa.selenium.WebDriverException: Build info: version: &apos;4.1.1&apos;, revision: &apos;e8fcc2cecf&apos;
System info: host: &apos;SHREYAS&apos;, ip: &apos;192.168.0.105&apos;, os.name: &apos;Windows 10&apos;, os.arch: &apos;amd64&apos;, os.version: &apos;10.0&apos;, java.version: &apos;16.0.1&apos;
Driver info: org.openqa.selenium.remote.RemoteWebDriver
Command: [2EC6BE48-BB56-4BB8-9DA8-46FB9773AF04, clickElement {id=node-04DC1441-2859-42EB-90C3-6F2BEEA063A5}]
Capabilities {acceptInsecureCerts: false, browserName: Safari, browserVersion: 12.1.2, javascriptEnabled: true, platform: MAC, platformName: MAC, safari:automaticInspection: false, safari:automaticProfiling: false, safari:diagnose: false, setWindowRect: true, strictFileInteractability: false, webdriver.remote.sessionid: 2EC6BE48-BB56-4BB8-9DA8-46F..., webkit:WebRTC: {DisableICECandidateFiltering: false, DisableInsecureMediaCapture: false}}
Element: [[RemoteWebDriver: Safari on MAC (2EC6BE48-BB56-4BB8-9DA8-46FB9773AF04)] -&gt; id: showInput]
Session ID: 2EC6BE48-BB56-4BB8-9DA8-46FB9773AF04
	at org.openqa.selenium.remote.codec.w3c.W3CHttpResponseCodec.createException(W3CHttpResponseCodec.java:200)
	at org.openqa.selenium.remote.codec.w3c.W3CHttpResponseCodec.decode(W3CHttpResponseCodec.java:133)
	at org.openqa.selenium.remote.codec.w3c.W3CHttpResponseCodec.decode(W3CHttpResponseCodec.java:53)
	at org.openqa.selenium.remote.HttpCommandExecutor.execute(HttpCommandExecutor.java:184)
	at org.openqa.selenium.remote.TracedCommandExecutor.execute(TracedCommandExecutor.java:51)
	at org.openqa.selenium.remote.RemoteWebDriver.execute(RemoteWebDriver.java:543)
	at org.openqa.selenium.remote.RemoteWebElement.execute(RemoteWebElement.java:251)
	at org.openqa.selenium.remote.RemoteWebElement.click(RemoteWebElement.java:77)
	at assignmentTask.LambdaTest_Scenarios.TestScenario_1(LambdaTest_Scenarios.java:24)
	at java.base/java.util.ArrayList.forEach(ArrayList.java:1511)
	at java.base/java.util.concurrent.FutureTask.run(FutureTask.java:264)
	at java.base/java.util.concurrent.ThreadPoolExecutor.runWorker(ThreadPoolExecutor.java:1130)
	at java.base/java.util.concurrent.ThreadPoolExecutor$Worker.run(ThreadPoolExecutor.java:630)
	at java.base/java.lang.Thread.run(Thread.java:831)
... Removed 23 stack frames
</div> <!-- stack-trace -->
                  <em>
(Verify Entered Message)                  </em>
                </div> <!-- method-content -->
              </div> <!-- method -->
              <div class="method">
                <div class="method-content">
                  <a name="TestScenario_2">
                  </a> <!-- TestScenario_2 -->
                  <span class="method-name">TestScenario_2</span>
                  <div class="stack-trace">java.lang.AssertionError: expected [95] but found [51]
	at assignmentTask.LambdaTest_Scenarios.TestScenario_2(LambdaTest_Scenarios.java:44)
	at java.base/java.util.ArrayList.forEach(ArrayList.java:1511)
	at java.base/java.util.concurrent.FutureTask.run(FutureTask.java:264)
	at java.base/java.util.concurrent.ThreadPoolExecutor.runWorker(ThreadPoolExecutor.java:1130)
	at java.base/java.util.concurrent.ThreadPoolExecutor$Worker.run(ThreadPoolExecutor.java:630)
	at java.base/java.lang.Thread.run(Thread.java:831)
... Removed 24 stack frames
</div> <!-- stack-trace -->
                  <em>
(Verify slider value)                  </em>
                </div> <!-- method-content -->
              </div> <!-- method -->
              <div class="method">
                <div class="method-content">
                  <a name="TestScenario_3">
                  </a> <!-- TestScenario_3 -->
                  <span class="method-name">TestScenario_3</span>
                  <div class="stack-trace">java.lang.AssertionError: expected [Please fill in the fields] but found [Please fill out this field.]
	at assignmentTask.LambdaTest_Scenarios.TestScenario_3(LambdaTest_Scenarios.java:54)
	at java.base/java.util.ArrayList.forEach(ArrayList.java:1511)
	at java.base/java.util.concurrent.FutureTask.run(FutureTask.java:264)
	at java.base/java.util.concurrent.ThreadPoolExecutor.runWorker(ThreadPoolExecutor.java:1130)
	at java.base/java.util.concurrent.ThreadPoolExecutor$Worker.run(ThreadPoolExecutor.java:630)
	at java.base/java.lang.Thread.run(Thread.java:831)
... Removed 24 stack frames
</div> <!-- stack-trace -->
                  <em>
(Verify input form fields)                  </em>
                </div> <!-- method-content -->
              </div> <!-- method -->
              <div class="method">
                <div class="method-content">
                  <a name="TestScenario_3">
                  </a> <!-- TestScenario_3 -->
                  <span class="method-name">TestScenario_3</span>
                  <div class="stack-trace">java.lang.AssertionError: expected [Please fill in the fields] but found [Fill out this field]
	at assignmentTask.LambdaTest_Scenarios.TestScenario_3(LambdaTest_Scenarios.java:54)
	at java.base/java.util.ArrayList.forEach(ArrayList.java:1511)
	at java.base/java.util.concurrent.FutureTask.run(FutureTask.java:264)
	at java.base/java.util.concurrent.ThreadPoolExecutor.runWorker(ThreadPoolExecutor.java:1130)
	at java.base/java.util.concurrent.ThreadPoolExecutor$Worker.run(ThreadPoolExecutor.java:630)
	at java.base/java.lang.Thread.run(Thread.java:831)
... Removed 24 stack frames
</div> <!-- stack-trace -->
                  <em>
(Verify input form fields)                  </em>
                </div> <!-- method-content -->
              </div> <!-- method -->
            </div> <!-- main-panel-content rounded-window-bottom -->
          </div> <!-- suite-LambdaTest_Selenium_Certification_Assignment_Task-class-failed -->
          <div class="suite-LambdaTest_Selenium_Certification_Assignment_Task-class-passed">
            <div class="main-panel-header rounded-window-top">
              <img src="passed.png"/>
              <span class="class-name">assignmentTask.LambdaTest_Scenarios</span>
            </div> <!-- main-panel-header rounded-window-top -->
            <div class="main-panel-content rounded-window-bottom">
              <div class="method">
                <div class="method-content">
                  <a name="TestScenario_1">
                  </a> <!-- TestScenario_1 -->
                  <span class="method-name">TestScenario_1</span>
                  <em>
(Verify Entered Message)                  </em>
                </div> <!-- method-content -->
              </div> <!-- method -->
              <div class="method">
                <div class="method-content">
                  <a name="TestScenario_2">
                  </a> <!-- TestScenario_2 -->
                  <span class="method-name">TestScenario_2</span>
                  <em>
(Verify slider value)                  </em>
                </div> <!-- method-content -->
              </div> <!-- method -->
            </div> <!-- main-panel-content rounded-window-bottom -->
          </div> <!-- suite-LambdaTest_Selenium_Certification_Assignment_Task-class-passed -->
        </div> <!-- panel LambdaTest_Selenium_Certification_Assignment_Task -->
        <div panel-name="test-xml-LambdaTest_Selenium_Certification_Assignment_Task" class="panel">
          <div class="main-panel-header rounded-window-top">
            <span class="header-content">E:\Confedential\LambdaTest_Workspace\LambdaTest_Selenium_101_Assignment_Task\testng.xml</span>
          </div> <!-- main-panel-header rounded-window-top -->
          <div class="main-panel-content rounded-window-bottom">
            <pre>
&lt;?xml version=&quot;1.0&quot; encoding=&quot;UTF-8&quot;?&gt;
&lt;!DOCTYPE suite SYSTEM &quot;https://testng.org/testng-1.0.dtd&quot;&gt;
&lt;suite thread-count=&quot;2&quot; parallel=&quot;tests&quot; name=&quot;LambdaTest Selenium Certification Assignment Task&quot; guice-stage=&quot;DEVELOPMENT&quot;&gt;
  &lt;test thread-count=&quot;2&quot; parallel=&quot;tests&quot; name=&quot;Selenium_101 Assignment Scenarios&quot;&gt;
  &lt;/test&gt; &lt;!-- Selenium_101 Assignment Scenarios --&gt;
  &lt;test thread-count=&quot;2&quot; parallel=&quot;tests&quot; name=&quot;Test Scenarios with Windows10 Chrome&quot;&gt;
    &lt;parameter name=&quot;browser&quot; value=&quot;Chrome&quot;/&gt;
    &lt;parameter name=&quot;version&quot; value=&quot;latest&quot;/&gt;
    &lt;parameter name=&quot;resolution&quot; value=&quot;1024x768&quot;/&gt;
    &lt;parameter name=&quot;platform&quot; value=&quot;Windows 10&quot;/&gt;
    &lt;classes&gt;
      &lt;class name=&quot;assignmentTask.LambdaTest_Scenarios&quot;/&gt;
    &lt;/classes&gt;
  &lt;/test&gt; &lt;!-- Test Scenarios with Windows10 Chrome --&gt;
  &lt;test thread-count=&quot;2&quot; parallel=&quot;tests&quot; name=&quot;Test Scenarios with macOS Catalina Safari&quot;&gt;
    &lt;parameter name=&quot;browser&quot; value=&quot;Safari&quot;/&gt;
    &lt;parameter name=&quot;version&quot; value=&quot;12.0&quot;/&gt;
    &lt;parameter name=&quot;resolution&quot; value=&quot;1280x960&quot;/&gt;
    &lt;parameter name=&quot;platform&quot; value=&quot;MacOS Mojave&quot;/&gt;
    &lt;classes&gt;
      &lt;class name=&quot;assignmentTask.LambdaTest_Scenarios&quot;/&gt;
    &lt;/classes&gt;
  &lt;/test&gt; &lt;!-- Test Scenarios with macOS Catalina Safari --&gt;
&lt;/suite&gt; &lt;!-- LambdaTest Selenium Certification Assignment Task --&gt;
            </pre>
          </div> <!-- main-panel-content rounded-window-bottom -->
        </div> <!-- panel -->
        <div panel-name="testlist-LambdaTest_Selenium_Certification_Assignment_Task" class="panel">
          <div class="main-panel-header rounded-window-top">
            <span class="header-content">Tests for LambdaTest Selenium Certification Assignment Task</span>
          </div> <!-- main-panel-header rounded-window-top -->
          <div class="main-panel-content rounded-window-bottom">
            <ul>
              <li>
                <span class="test-name">Selenium_101 Assignment Scenarios (0 classes)</span>
              </li>
              <li>
                <span class="test-name">Test Scenarios with Windows10 Chrome (1 class)</span>
              </li>
              <li>
                <span class="test-name">Test Scenarios with macOS Catalina Safari (1 class)</span>
              </li>
            </ul>
          </div> <!-- main-panel-content rounded-window-bottom -->
        </div> <!-- panel -->
        <div panel-name="group-LambdaTest_Selenium_Certification_Assignment_Task" class="panel">
          <div class="main-panel-header rounded-window-top">
            <span class="header-content">Groups for LambdaTest Selenium Certification Assignment Task</span>
          </div> <!-- main-panel-header rounded-window-top -->
          <div class="main-panel-content rounded-window-bottom">
          </div> <!-- main-panel-content rounded-window-bottom -->
        </div> <!-- panel -->
        <div panel-name="times-LambdaTest_Selenium_Certification_Assignment_Task" class="panel">
          <div class="main-panel-header rounded-window-top">
            <span class="header-content">Times for LambdaTest Selenium Certification Assignment Task</span>
          </div> <!-- main-panel-header rounded-window-top -->
          <div class="main-panel-content rounded-window-bottom">
            <div class="times-div">
              <script type="text/javascript">
suiteTableInitFunctions.push('tableData_LambdaTest_Selenium_Certification_Assignment_Task');
function tableData_LambdaTest_Selenium_Certification_Assignment_Task() {
var data = new google.visualization.DataTable();
data.addColumn('number', 'Number');
data.addColumn('string', 'Method');
data.addColumn('string', 'Class');
data.addColumn('number', 'Time (ms)');
data.addRows(6);
data.setCell(0, 0, 0)
data.setCell(0, 1, 'TestScenario_2')
data.setCell(0, 2, 'assignmentTask.LambdaTest_Scenarios')
data.setCell(0, 3, 59912);
data.setCell(1, 0, 1)
data.setCell(1, 1, 'TestScenario_2')
data.setCell(1, 2, 'assignmentTask.LambdaTest_Scenarios')
data.setCell(1, 3, 34558);
data.setCell(2, 0, 2)
data.setCell(2, 1, 'TestScenario_1')
data.setCell(2, 2, 'assignmentTask.LambdaTest_Scenarios')
data.setCell(2, 3, 4467);
data.setCell(3, 0, 3)
data.setCell(3, 1, 'TestScenario_1')
data.setCell(3, 2, 'assignmentTask.LambdaTest_Scenarios')
data.setCell(3, 3, 3543);
data.setCell(4, 0, 4)
data.setCell(4, 1, 'TestScenario_3')
data.setCell(4, 2, 'assignmentTask.LambdaTest_Scenarios')
data.setCell(4, 3, 3123);
data.setCell(5, 0, 5)
data.setCell(5, 1, 'TestScenario_3')
data.setCell(5, 2, 'assignmentTask.LambdaTest_Scenarios')
data.setCell(5, 3, 2628);
window.suiteTableData['LambdaTest_Selenium_Certification_Assignment_Task']= { tableData: data, tableDiv: 'times-div-LambdaTest_Selenium_Certification_Assignment_Task'}
return data;
}
              </script>
              <span class="suite-total-time">Total running time: 1 minutes</span>
              <div id="times-div-LambdaTest_Selenium_Certification_Assignment_Task">
              </div> <!-- times-div-LambdaTest_Selenium_Certification_Assignment_Task -->
            </div> <!-- times-div -->
          </div> <!-- main-panel-content rounded-window-bottom -->
        </div> <!-- panel -->
        <div panel-name="reporter-LambdaTest_Selenium_Certification_Assignment_Task" class="panel">
          <div class="main-panel-header rounded-window-top">
            <span class="header-content">Reporter output for LambdaTest Selenium Certification Assignment Task</span>
          </div> <!-- main-panel-header rounded-window-top -->
          <div class="main-panel-content rounded-window-bottom">
          </div> <!-- main-panel-content rounded-window-bottom -->
        </div> <!-- panel -->
        <div panel-name="ignored-methods-LambdaTest_Selenium_Certification_Assignment_Task" class="panel">
          <div class="main-panel-header rounded-window-top">
            <span class="header-content">0 ignored methods</span>
          </div> <!-- main-panel-header rounded-window-top -->
          <div class="main-panel-content rounded-window-bottom">
          </div> <!-- main-panel-content rounded-window-bottom -->
        </div> <!-- panel -->
        <div panel-name="chronological-LambdaTest_Selenium_Certification_Assignment_Task" class="panel">
          <div class="main-panel-header rounded-window-top">
            <span class="header-content">Methods in chronological order</span>
          </div> <!-- main-panel-header rounded-window-top -->
          <div class="main-panel-content rounded-window-bottom">
            <div class="chronological-class">
              <div class="chronological-class-name">assignmentTask.LambdaTest_Scenarios</div> <!-- chronological-class-name -->
              <div class="configuration-method before">
                <span class="method-name">Setup(Chrome, latest, Windows 10, 1024x768)</span>
                <span class="method-start">0 ms</span>
              </div> <!-- configuration-method before -->
              <div class="configuration-method before">
                <span class="method-name">Setup(Safari, 12.0, MacOS Mojave, 1280x960)</span>
                <span class="method-start">184 ms</span>
              </div> <!-- configuration-method before -->
              <div class="test-method">
                <span class="method-name">TestScenario_1</span>
                <span class="method-start">12435 ms</span>
              </div> <!-- test-method -->
              <div class="test-method">
                <img src="failed.png">
                </img>
                <span class="method-name">TestScenario_1</span>
                <span class="method-start">12849 ms</span>
              </div> <!-- test-method -->
              <div class="configuration-method after">
                <span class="method-name">afterMethod</span>
                <span class="method-start">16438 ms</span>
              </div> <!-- configuration-method after -->
              <div class="configuration-method after">
                <span class="method-name">afterMethod</span>
                <span class="method-start">16975 ms</span>
              </div> <!-- configuration-method after -->
              <div class="configuration-method before">
                <span class="method-name">Setup(Safari, 12.0, MacOS Mojave, 1280x960)</span>
                <span class="method-start">18478 ms</span>
              </div> <!-- configuration-method before -->
              <div class="configuration-method before">
                <span class="method-name">Setup(Chrome, latest, Windows 10, 1024x768)</span>
                <span class="method-start">18989 ms</span>
              </div> <!-- configuration-method before -->
              <div class="test-method">
                <span class="method-name">TestScenario_2</span>
                <span class="method-start">36834 ms</span>
              </div> <!-- test-method -->
              <div class="test-method">
                <img src="failed.png">
                </img>
                <span class="method-name">TestScenario_2</span>
                <span class="method-start">38380 ms</span>
              </div> <!-- test-method -->
              <div class="configuration-method after">
                <span class="method-name">afterMethod</span>
                <span class="method-start">71406 ms</span>
              </div> <!-- configuration-method after -->
              <div class="configuration-method before">
                <span class="method-name">Setup(Chrome, latest, Windows 10, 1024x768)</span>
                <span class="method-start">73287 ms</span>
              </div> <!-- configuration-method before -->
              <div class="test-method">
                <img src="failed.png">
                </img>
                <span class="method-name">TestScenario_3</span>
                <span class="method-start">91951 ms</span>
              </div> <!-- test-method -->
              <div class="configuration-method after">
                <span class="method-name">afterMethod</span>
                <span class="method-start">95118 ms</span>
              </div> <!-- configuration-method after -->
              <div class="configuration-method after">
                <span class="method-name">afterMethod</span>
                <span class="method-start">98332 ms</span>
              </div> <!-- configuration-method after -->
              <div class="configuration-method before">
                <span class="method-name">Setup(Safari, 12.0, MacOS Mojave, 1280x960)</span>
                <span class="method-start">100196 ms</span>
              </div> <!-- configuration-method before -->
              <div class="test-method">
                <img src="failed.png">
                </img>
                <span class="method-name">TestScenario_3</span>
                <span class="method-start">110625 ms</span>
              </div> <!-- test-method -->
              <div class="configuration-method after">
                <span class="method-name">afterMethod</span>
                <span class="method-start">113264 ms</span>
              </div> <!-- configuration-method after -->
          </div> <!-- main-panel-content rounded-window-bottom -->
        </div> <!-- panel -->
      </div> <!-- main-panel-root -->
    </div> <!-- wrapper -->
  </body>
<script type="text/javascript" src="testng-reports2.js"></script>
</html>
